<?xml version="1.0" encoding="UTF-8"?>
<!-- Generated by org.testng.reporters.JUnitReportReporter -->
<testsuite hostname="ZCHD-CQR-SHIVAM-PANDOH" failures="0" tests="12" name="Apitesting.sampleproject.TestCases" time="14.404" errors="0" timestamp="25 May 2022 10:29:22 GMT" skipped="0">
  <testcase classname="Apitesting.sampleproject.TestCases" name="testRegisterUserSuccessful" time="0.730"/>
  <testcase classname="Apitesting.sampleproject.TestCases" name="testCreateUser" time="3.110"/>
  <testcase classname="Apitesting.sampleproject.TestCases" name="testLoginSuccessful" time="0.723"/>
  <testcase classname="Apitesting.sampleproject.TestCases" name="testFetchResource" time="0.813"/>
  <testcase classname="Apitesting.sampleproject.TestCases" name="testRegisterUserUnsuccessful" time="0.704"/>
  <testcase classname="Apitesting.sampleproject.TestCases" name="testFetchResourceNotFound" time="0.827"/>
  <testcase classname="Apitesting.sampleproject.TestCases" name="testDelayedResponse" time="3.836"/>
  <testcase classname="Apitesting.sampleproject.TestCases" name="testFetchUser" time="0.661"/>
  <testcase classname="Apitesting.sampleproject.TestCases" name="testLoginUnSuccessful" time="0.727"/>
  <testcase classname="Apitesting.sampleproject.TestCases" name="testFetchListResource" time="0.830"/>
  <testcase classname="Apitesting.sampleproject.TestCases" name="testFetchUsers" time="0.711"/>
  <testcase classname="Apitesting.sampleproject.TestCases" name="testUserNotFound" time="0.732"/>
</testsuite> <!-- Apitesting.sampleproject.TestCases -->
